*** pyCoCo ***

Trajectory files to be analysed:
/home1/03894/tg831932/StandaloneTest/user_input/md_1_1.ncdf: 1 frames
/home1/03894/tg831932/StandaloneTest/user_input/md_1_2.ncdf: 1 frames
/home1/03894/tg831932/StandaloneTest/user_input/md_1_3.ncdf: 1 frames
/home1/03894/tg831932/StandaloneTest/user_input/md_1_4.ncdf: 1 frames

Total variance in trajectory data: 28.87

Conformational sampling map will be generated in
3 dimensions at a resolution of 5 points
in each dimension.

4 complementary structures will be generated.

Sampled volume: 61.6332271342 Ang.^3.

Coordinates of new structures in PC space:
   0  -9.76   5.59  -4.56
   1  -9.76   5.59   2.44
   2  -9.76  -5.32  -4.56
   3  -9.76  -5.32   2.44

RMSD matrix for new structures:
  0.00  0.93  1.42  1.71
  0.93  0.00  1.69  1.42
  1.42  1.69  0.00  0.93
  1.71  1.42  0.93  0.00
